2020-06-22 14:10:14 [main] INFO  org.zero.backweb.BackWebApplication-651 -No active profile set, falling back to default profiles: default
2020-06-22 14:10:15 [main] INFO  o.s.cloud.context.scope.GenericScope-295 -BeanFactory id=aa37065f-b929-338c-b3d2-ee9c30d7d00f
2020-06-22 14:10:15 [main] INFO  o.s.b.w.e.tomcat.TomcatWebServer-92 -Tomcat initialized with port(s): 8099 (http)
2020-06-22 14:10:15 [main] INFO  o.a.coyote.http11.Http11NioProtocol-173 -Initializing ProtocolHandler ["http-nio-8099"]
2020-06-22 14:10:15 [main] INFO  o.a.catalina.core.StandardService-173 -Starting service [Tomcat]
2020-06-22 14:10:15 [main] INFO  o.a.catalina.core.StandardEngine-173 -Starting Servlet engine: [Apache Tomcat/9.0.33]
2020-06-22 14:10:15 [main] INFO  o.a.c.c.C.[Tomcat].[localhost].[/]-173 -Initializing Spring embedded WebApplicationContext
2020-06-22 14:10:15 [main] INFO  o.s.web.context.ContextLoader-284 -Root WebApplicationContext: initialization completed in 734 ms
2020-06-22 14:10:15 [main] WARN  c.n.c.sources.URLConfigurationSource-121 -No URLs will be polled as dynamic configuration sources.
2020-06-22 14:10:15 [main] INFO  c.n.c.sources.URLConfigurationSource-122 -To enable URLs as dynamic configuration sources, define System property archaius.configurationSource.additionalUrls or make config.properties available on classpath.
2020-06-22 14:10:15 [main] WARN  c.n.c.sources.URLConfigurationSource-121 -No URLs will be polled as dynamic configuration sources.
2020-06-22 14:10:15 [main] INFO  c.n.c.sources.URLConfigurationSource-122 -To enable URLs as dynamic configuration sources, define System property archaius.configurationSource.additionalUrls or make config.properties available on classpath.
2020-06-22 14:10:15 [main] INFO  o.s.s.c.ThreadPoolTaskExecutor-181 -Initializing ExecutorService 'applicationTaskExecutor'
2020-06-22 14:10:16 [main] WARN  o.s.c.l.c.LoadBalancerCacheAutoConfiguration$LoadBalancerCaffeineWarnLogger-84 -Spring Cloud LoadBalancer is currently working with the default cache. You can switch to using Caffeine cache, by adding it to the classpath.
2020-06-22 14:10:16 [main] INFO  o.s.c.n.eureka.InstanceInfoFactory-72 -Setting initial instance status as: STARTING
2020-06-22 14:10:16 [main] INFO  c.netflix.discovery.DiscoveryClient-368 -Initializing Eureka in region us-east-1
2020-06-22 14:10:16 [main] INFO  c.n.d.p.DiscoveryJerseyProvider-70 -Using JSON encoding codec LegacyJacksonJson
2020-06-22 14:10:16 [main] INFO  c.n.d.p.DiscoveryJerseyProvider-71 -Using JSON decoding codec LegacyJacksonJson
2020-06-22 14:10:16 [main] INFO  c.n.d.p.DiscoveryJerseyProvider-80 -Using XML encoding codec XStreamXml
2020-06-22 14:10:16 [main] INFO  c.n.d.p.DiscoveryJerseyProvider-81 -Using XML decoding codec XStreamXml
2020-06-22 14:10:16 [main] INFO  c.n.d.s.r.aws.ConfigClusterResolver-43 -Resolving eureka endpoints via configuration
2020-06-22 14:10:16 [main] INFO  c.netflix.discovery.DiscoveryClient-981 -Disable delta property : false
2020-06-22 14:10:16 [main] INFO  c.netflix.discovery.DiscoveryClient-982 -Single vip registry refresh property : null
2020-06-22 14:10:16 [main] INFO  c.netflix.discovery.DiscoveryClient-983 -Force full registry fetch : false
2020-06-22 14:10:16 [main] INFO  c.netflix.discovery.DiscoveryClient-984 -Application is null : false
2020-06-22 14:10:16 [main] INFO  c.netflix.discovery.DiscoveryClient-985 -Registered Applications size is zero : true
2020-06-22 14:10:16 [main] INFO  c.netflix.discovery.DiscoveryClient-987 -Application version is -1: true
2020-06-22 14:10:16 [main] INFO  c.netflix.discovery.DiscoveryClient-1070 -Getting all instance registry info from the eureka server
2020-06-22 14:10:16 [main] INFO  c.netflix.discovery.DiscoveryClient-1079 -The response status is 200
2020-06-22 14:10:16 [main] INFO  c.netflix.discovery.DiscoveryClient-1294 -Starting heartbeat executor: renew interval is: 30
2020-06-22 14:10:16 [main] INFO  c.n.discovery.InstanceInfoReplicator-60 -InstanceInfoReplicator onDemand update allowed rate per min is 4
2020-06-22 14:10:16 [main] INFO  c.netflix.discovery.DiscoveryClient-468 -Discovery Client initialized at timestamp 1592806216935 with initial instances count: 1
2020-06-22 14:10:16 [main] INFO  o.s.c.n.e.s.EurekaServiceRegistry-41 -Registering application WEB with eureka with status UP
2020-06-22 14:10:16 [main] INFO  c.netflix.discovery.DiscoveryClient-1330 -Saw local status change event StatusChangeEvent [timestamp=1592806216935, current=UP, previous=STARTING]
2020-06-22 14:10:16 [DiscoveryClient-InstanceInfoReplicator-0] INFO  c.netflix.discovery.DiscoveryClient-847 -DiscoveryClient_WEB/YOS-01604151651:web:8099: registering service...
2020-06-22 14:10:16 [main] INFO  o.a.coyote.http11.Http11NioProtocol-173 -Starting ProtocolHandler ["http-nio-8099"]
2020-06-22 14:10:16 [DiscoveryClient-InstanceInfoReplicator-0] INFO  c.netflix.discovery.DiscoveryClient-856 -DiscoveryClient_WEB/YOS-01604151651:web:8099 - registration status: 204
2020-06-22 14:10:16 [main] INFO  o.s.b.w.e.tomcat.TomcatWebServer-204 -Tomcat started on port(s): 8099 (http) with context path ''
2020-06-22 14:10:16 [main] INFO  o.s.c.n.e.s.EurekaAutoServiceRegistration-145 -Updating port to 8099
2020-06-22 14:10:17 [main] INFO  org.zero.backweb.BackWebApplication-61 -Started BackWebApplication in 2.671 seconds (JVM running for 3.281)
2020-06-22 14:10:44 [http-nio-8099-exec-1] INFO  o.a.c.c.C.[Tomcat].[localhost].[/]-173 -Initializing Spring DispatcherServlet 'dispatcherServlet'
2020-06-22 14:10:44 [http-nio-8099-exec-1] INFO  o.s.web.servlet.DispatcherServlet-525 -Initializing Servlet 'dispatcherServlet'
2020-06-22 14:10:44 [http-nio-8099-exec-1] INFO  o.s.web.servlet.DispatcherServlet-547 -Completed initialization in 0 ms
2020-06-22 14:10:45 [http-nio-8099-exec-1] WARN  o.s.web.servlet.PageNotFound-1251 -No mapping for GET /customer/customer/customer
2020-06-22 14:10:45 [http-nio-8099-exec-2] WARN  o.s.web.servlet.PageNotFound-1251 -No mapping for GET /favicon.ico
2020-06-22 14:15:16 [AsyncResolver-bootstrap-executor-0] INFO  c.n.d.s.r.aws.ConfigClusterResolver-43 -Resolving eureka endpoints via configuration
2020-06-22 14:16:52 [RMI TCP Connection(2)-127.0.0.1] INFO  o.s.b.a.SpringApplicationAdminMXBeanRegistrar$SpringApplicationAdmin-159 -Application shutdown requested.
2020-06-22 14:16:52 [RMI TCP Connection(2)-127.0.0.1] INFO  o.s.c.n.e.s.EurekaServiceRegistry-65 -Unregistering application WEB with eureka with status DOWN
2020-06-22 14:16:52 [RMI TCP Connection(2)-127.0.0.1] WARN  c.netflix.discovery.DiscoveryClient-1328 -Saw local status change event StatusChangeEvent [timestamp=1592806612333, current=DOWN, previous=UP]
2020-06-22 14:16:52 [DiscoveryClient-InstanceInfoReplicator-0] INFO  c.netflix.discovery.DiscoveryClient-847 -DiscoveryClient_WEB/YOS-01604151651:web:8099: registering service...
2020-06-22 14:16:52 [RMI TCP Connection(2)-127.0.0.1] INFO  o.s.s.c.ThreadPoolTaskExecutor-218 -Shutting down ExecutorService 'applicationTaskExecutor'
2020-06-22 14:16:52 [RMI TCP Connection(2)-127.0.0.1] INFO  c.netflix.discovery.DiscoveryClient-909 -Shutting down DiscoveryClient ...
2020-06-22 14:16:52 [DiscoveryClient-InstanceInfoReplicator-0] INFO  c.netflix.discovery.DiscoveryClient-856 -DiscoveryClient_WEB/YOS-01604151651:web:8099 - registration status: 204
2020-06-22 14:16:52 [RMI TCP Connection(2)-127.0.0.1] INFO  c.netflix.discovery.DiscoveryClient-945 -Unregistering ...
2020-06-22 14:16:52 [RMI TCP Connection(2)-127.0.0.1] INFO  c.netflix.discovery.DiscoveryClient-947 -DiscoveryClient_WEB/YOS-01604151651:web:8099 - deregister  status: 200
2020-06-22 14:16:52 [RMI TCP Connection(2)-127.0.0.1] INFO  c.netflix.discovery.DiscoveryClient-934 -Completed shut down of DiscoveryClient
2020-06-22 14:16:52 [RMI TCP Connection(2)-127.0.0.1] INFO  o.a.coyote.http11.Http11NioProtocol-173 -Pausing ProtocolHandler ["http-nio-8099"]
2020-06-22 14:16:52 [RMI TCP Connection(2)-127.0.0.1] INFO  o.a.catalina.core.StandardService-173 -Stopping service [Tomcat]
2020-06-22 14:16:52 [RMI TCP Connection(2)-127.0.0.1] INFO  o.a.c.c.C.[Tomcat].[localhost].[/]-173 -Destroying Spring FrameworkServlet 'dispatcherServlet'
2020-06-22 14:16:52 [RMI TCP Connection(2)-127.0.0.1] INFO  o.a.coyote.http11.Http11NioProtocol-173 -Stopping ProtocolHandler ["http-nio-8099"]
2020-06-22 14:16:52 [RMI TCP Connection(2)-127.0.0.1] INFO  o.a.coyote.http11.Http11NioProtocol-173 -Destroying ProtocolHandler ["http-nio-8099"]
2020-06-22 14:18:35 [main] INFO  org.zero.backweb.BackWebApplication-651 -No active profile set, falling back to default profiles: default
2020-06-22 14:18:35 [main] INFO  o.s.cloud.context.scope.GenericScope-295 -BeanFactory id=dd8ca0ba-7a6f-34db-93fa-0a8851c3a4ec
2020-06-22 14:18:35 [main] INFO  o.s.b.w.e.tomcat.TomcatWebServer-92 -Tomcat initialized with port(s): 8099 (http)
2020-06-22 14:18:35 [main] INFO  o.a.coyote.http11.Http11NioProtocol-173 -Initializing ProtocolHandler ["http-nio-8099"]
2020-06-22 14:18:35 [main] INFO  o.a.catalina.core.StandardService-173 -Starting service [Tomcat]
2020-06-22 14:18:35 [main] INFO  o.a.catalina.core.StandardEngine-173 -Starting Servlet engine: [Apache Tomcat/9.0.33]
2020-06-22 14:18:36 [main] INFO  o.a.c.c.C.[Tomcat].[localhost].[/]-173 -Initializing Spring embedded WebApplicationContext
2020-06-22 14:18:36 [main] INFO  o.s.web.context.ContextLoader-284 -Root WebApplicationContext: initialization completed in 890 ms
2020-06-22 14:18:36 [main] WARN  c.n.c.sources.URLConfigurationSource-121 -No URLs will be polled as dynamic configuration sources.
2020-06-22 14:18:36 [main] INFO  c.n.c.sources.URLConfigurationSource-122 -To enable URLs as dynamic configuration sources, define System property archaius.configurationSource.additionalUrls or make config.properties available on classpath.
2020-06-22 14:18:36 [main] WARN  c.n.c.sources.URLConfigurationSource-121 -No URLs will be polled as dynamic configuration sources.
2020-06-22 14:18:36 [main] INFO  c.n.c.sources.URLConfigurationSource-122 -To enable URLs as dynamic configuration sources, define System property archaius.configurationSource.additionalUrls or make config.properties available on classpath.
2020-06-22 14:18:36 [main] INFO  o.s.s.c.ThreadPoolTaskExecutor-181 -Initializing ExecutorService 'applicationTaskExecutor'
2020-06-22 14:18:36 [main] INFO  o.s.b.a.w.s.WelcomePageHandlerMapping-58 -Adding welcome page template: index
2020-06-22 14:18:36 [main] WARN  o.t.templatemode.TemplateMode-150 -[THYMELEAF][main] Template Mode 'HTML5' is deprecated. Using Template Mode 'HTML' instead.
2020-06-22 14:18:36 [main] WARN  o.s.c.l.c.LoadBalancerCacheAutoConfiguration$LoadBalancerCaffeineWarnLogger-84 -Spring Cloud LoadBalancer is currently working with the default cache. You can switch to using Caffeine cache, by adding it to the classpath.
2020-06-22 14:18:36 [main] INFO  o.s.c.n.eureka.InstanceInfoFactory-72 -Setting initial instance status as: STARTING
2020-06-22 14:18:36 [main] INFO  c.netflix.discovery.DiscoveryClient-368 -Initializing Eureka in region us-east-1
2020-06-22 14:18:37 [main] INFO  c.n.d.p.DiscoveryJerseyProvider-70 -Using JSON encoding codec LegacyJacksonJson
2020-06-22 14:18:37 [main] INFO  c.n.d.p.DiscoveryJerseyProvider-71 -Using JSON decoding codec LegacyJacksonJson
2020-06-22 14:18:37 [main] INFO  c.n.d.p.DiscoveryJerseyProvider-80 -Using XML encoding codec XStreamXml
2020-06-22 14:18:37 [main] INFO  c.n.d.p.DiscoveryJerseyProvider-81 -Using XML decoding codec XStreamXml
2020-06-22 14:18:37 [main] INFO  c.n.d.s.r.aws.ConfigClusterResolver-43 -Resolving eureka endpoints via configuration
2020-06-22 14:18:37 [main] INFO  c.netflix.discovery.DiscoveryClient-981 -Disable delta property : false
2020-06-22 14:18:37 [main] INFO  c.netflix.discovery.DiscoveryClient-982 -Single vip registry refresh property : null
2020-06-22 14:18:37 [main] INFO  c.netflix.discovery.DiscoveryClient-983 -Force full registry fetch : false
2020-06-22 14:18:37 [main] INFO  c.netflix.discovery.DiscoveryClient-984 -Application is null : false
2020-06-22 14:18:37 [main] INFO  c.netflix.discovery.DiscoveryClient-985 -Registered Applications size is zero : true
2020-06-22 14:18:37 [main] INFO  c.netflix.discovery.DiscoveryClient-987 -Application version is -1: true
2020-06-22 14:18:37 [main] INFO  c.netflix.discovery.DiscoveryClient-1070 -Getting all instance registry info from the eureka server
2020-06-22 14:18:37 [main] INFO  c.netflix.discovery.DiscoveryClient-1079 -The response status is 200
2020-06-22 14:18:37 [main] INFO  c.netflix.discovery.DiscoveryClient-1294 -Starting heartbeat executor: renew interval is: 30
2020-06-22 14:18:37 [main] INFO  c.n.discovery.InstanceInfoReplicator-60 -InstanceInfoReplicator onDemand update allowed rate per min is 4
2020-06-22 14:18:37 [main] INFO  c.netflix.discovery.DiscoveryClient-468 -Discovery Client initialized at timestamp 1592806717506 with initial instances count: 1
2020-06-22 14:18:37 [main] INFO  o.s.c.n.e.s.EurekaServiceRegistry-41 -Registering application WEB with eureka with status UP
2020-06-22 14:18:37 [main] INFO  c.netflix.discovery.DiscoveryClient-1330 -Saw local status change event StatusChangeEvent [timestamp=1592806717506, current=UP, previous=STARTING]
2020-06-22 14:18:37 [DiscoveryClient-InstanceInfoReplicator-0] INFO  c.netflix.discovery.DiscoveryClient-847 -DiscoveryClient_WEB/YOS-01604151651:web:8099: registering service...
2020-06-22 14:18:37 [main] INFO  o.a.coyote.http11.Http11NioProtocol-173 -Starting ProtocolHandler ["http-nio-8099"]
2020-06-22 14:18:37 [main] INFO  o.s.b.w.e.tomcat.TomcatWebServer-204 -Tomcat started on port(s): 8099 (http) with context path ''
2020-06-22 14:18:37 [main] INFO  o.s.c.n.e.s.EurekaAutoServiceRegistration-145 -Updating port to 8099
2020-06-22 14:18:37 [DiscoveryClient-InstanceInfoReplicator-0] INFO  c.netflix.discovery.DiscoveryClient-856 -DiscoveryClient_WEB/YOS-01604151651:web:8099 - registration status: 204
2020-06-22 14:18:37 [main] INFO  org.zero.backweb.BackWebApplication-61 -Started BackWebApplication in 3.236 seconds (JVM running for 3.939)
2020-06-22 14:18:41 [http-nio-8099-exec-1] INFO  o.a.c.c.C.[Tomcat].[localhost].[/]-173 -Initializing Spring DispatcherServlet 'dispatcherServlet'
2020-06-22 14:18:41 [http-nio-8099-exec-1] INFO  o.s.web.servlet.DispatcherServlet-525 -Initializing Servlet 'dispatcherServlet'
2020-06-22 14:18:41 [http-nio-8099-exec-1] INFO  o.s.web.servlet.DispatcherServlet-547 -Completed initialization in 0 ms
2020-06-22 14:18:42 [http-nio-8099-exec-3] WARN  o.s.web.servlet.PageNotFound-1251 -No mapping for GET /assets/css/bootstrap-table.css
2020-06-22 14:18:42 [http-nio-8099-exec-2] WARN  o.s.web.servlet.PageNotFound-1251 -No mapping for GET /assets/css/bootstrap.min.css
2020-06-22 14:18:42 [http-nio-8099-exec-7] WARN  o.s.web.servlet.PageNotFound-1251 -No mapping for GET /assets/css/bootstrap-editable.css
2020-06-22 14:18:42 [http-nio-8099-exec-9] WARN  o.s.web.servlet.PageNotFound-1251 -No mapping for GET /assets/css/jquery-confirm.min.css
2020-06-22 14:18:42 [http-nio-8099-exec-5] WARN  o.s.web.servlet.PageNotFound-1251 -No mapping for GET /assets/css/bootstrap-select.css
2020-06-22 14:18:42 [http-nio-8099-exec-4] WARN  o.s.web.servlet.PageNotFound-1251 -No mapping for GET /assets/css/bootstrapValidator.min.css
2020-06-22 14:18:42 [http-nio-8099-exec-2] WARN  o.s.web.servlet.PageNotFound-1251 -No mapping for GET /css/framework.css
2020-06-22 14:18:42 [http-nio-8099-exec-4] WARN  o.s.web.servlet.PageNotFound-1251 -No mapping for GET /assets/js/jquery-2.0.3.min.js
2020-06-22 14:18:42 [http-nio-8099-exec-3] WARN  o.s.web.servlet.PageNotFound-1251 -No mapping for GET /assets/js/jquery.validate.js
2020-06-22 14:18:42 [http-nio-8099-exec-5] WARN  o.s.web.servlet.PageNotFound-1251 -No mapping for GET /assets/js/common/jquery-validate-extension.js
2020-06-22 14:18:42 [http-nio-8099-exec-4] WARN  o.s.web.servlet.PageNotFound-1251 -No mapping for GET /assets/js/bootstrap-select.js
2020-06-22 14:18:42 [http-nio-8099-exec-2] WARN  o.s.web.servlet.PageNotFound-1251 -No mapping for GET /assets/js/bootstrap.min.js
2020-06-22 14:18:42 [http-nio-8099-exec-4] WARN  o.s.web.servlet.PageNotFound-1251 -No mapping for GET /assets/My97DatePicker/4.8/WdatePicker.js
2020-06-22 14:18:42 [http-nio-8099-exec-9] WARN  o.s.web.servlet.PageNotFound-1251 -No mapping for GET /assets/js/jquery-confirm.min.js
2020-06-22 14:18:42 [http-nio-8099-exec-2] WARN  o.s.web.servlet.PageNotFound-1251 -No mapping for GET /assets/js/common/md5-min.js
2020-06-22 14:18:42 [http-nio-8099-exec-8] WARN  o.s.web.servlet.PageNotFound-1251 -No mapping for GET /assets/js/common/common.js
2020-06-22 14:18:42 [http-nio-8099-exec-3] WARN  o.s.web.servlet.PageNotFound-1251 -No mapping for GET /js/commons/commons.js
2020-06-22 14:18:42 [http-nio-8099-exec-10] WARN  o.s.web.servlet.PageNotFound-1251 -No mapping for GET /js/asset/plug_lib/defaults-zh_CN.js
2020-06-22 14:18:42 [http-nio-8099-exec-7] WARN  o.s.web.servlet.PageNotFound-1251 -No mapping for GET /js/commons/combo_commons.js
2020-06-22 14:18:42 [http-nio-8099-exec-5] WARN  o.s.web.servlet.PageNotFound-1251 -No mapping for GET /assets/js/bootstrap-table-zh-CN.js
2020-06-22 14:18:42 [http-nio-8099-exec-6] WARN  o.s.web.servlet.PageNotFound-1251 -No mapping for GET /assets/js/bootstrap-table.js
2020-06-22 14:18:42 [http-nio-8099-exec-1] WARN  o.s.web.servlet.PageNotFound-1251 -No mapping for GET /js/customer/customer.js
2020-06-22 14:18:42 [http-nio-8099-exec-8] WARN  o.s.web.servlet.PageNotFound-1251 -No mapping for GET /js/commons/identityCardValidate.js
2020-06-22 14:18:42 [http-nio-8099-exec-10] WARN  o.s.web.servlet.PageNotFound-1251 -No mapping for GET /assets/js/jquery.validate.js
2020-06-22 14:18:42 [http-nio-8099-exec-4] WARN  o.s.web.servlet.PageNotFound-1251 -No mapping for GET /js/commons/auth_permission.js
2020-06-22 14:18:42 [http-nio-8099-exec-9] WARN  o.s.web.servlet.PageNotFound-1251 -No mapping for GET /assets/js/common/jquery-validate-extension.js
2020-06-22 14:18:42 [http-nio-8099-exec-2] WARN  o.s.web.servlet.PageNotFound-1251 -No mapping for GET /assets/js/bootstrap-table.js
2020-06-22 14:18:42 [http-nio-8099-exec-7] WARN  o.s.web.servlet.PageNotFound-1251 -No mapping for GET /assets/js/bootstrap-table-zh-CN.js
2020-06-22 14:18:42 [http-nio-8099-exec-3] WARN  o.s.web.servlet.PageNotFound-1251 -No mapping for GET /assets/js/bootstrap-select.js
2020-06-22 14:18:42 [http-nio-8099-exec-1] WARN  o.s.web.servlet.PageNotFound-1251 -No mapping for GET /js/asset/plug_lib/defaults-zh_CN.js
2020-06-22 14:18:42 [http-nio-8099-exec-4] WARN  o.s.web.servlet.PageNotFound-1251 -No mapping for GET /assets/js/jquery-confirm.min.js
2020-06-22 14:18:42 [http-nio-8099-exec-6] WARN  o.s.web.servlet.PageNotFound-1251 -No mapping for GET /assets/My97DatePicker/4.8/WdatePicker.js
2020-06-22 14:18:42 [http-nio-8099-exec-5] WARN  o.s.web.servlet.PageNotFound-1251 -No mapping for GET /assets/js/common/md5-min.js
2020-06-22 14:18:42 [http-nio-8099-exec-10] WARN  o.s.web.servlet.PageNotFound-1251 -No mapping for GET /assets/js/common/common.js
2020-06-22 14:18:42 [http-nio-8099-exec-8] WARN  o.s.web.servlet.PageNotFound-1251 -No mapping for GET /js/commons/commons.js
2020-06-22 14:18:42 [http-nio-8099-exec-9] WARN  o.s.web.servlet.PageNotFound-1251 -No mapping for GET /js/commons/combo_commons.js
2020-06-22 14:18:42 [http-nio-8099-exec-2] WARN  o.s.web.servlet.PageNotFound-1251 -No mapping for GET /js/commons/identityCardValidate.js
2020-06-22 14:18:42 [http-nio-8099-exec-7] WARN  o.s.web.servlet.PageNotFound-1251 -No mapping for GET /js/commons/auth_permission.js
2020-06-22 14:18:42 [http-nio-8099-exec-3] WARN  o.s.web.servlet.PageNotFound-1251 -No mapping for GET /js/customer/customer.js
2020-06-22 14:19:39 [http-nio-8099-exec-4] WARN  o.s.web.servlet.PageNotFound-1251 -No mapping for GET /assets/css/bootstrap.min.css
2020-06-22 14:19:39 [http-nio-8099-exec-4] WARN  o.s.web.servlet.PageNotFound-1251 -No mapping for GET /assets/css/bootstrapValidator.min.css
2020-06-22 14:19:39 [http-nio-8099-exec-6] WARN  o.s.web.servlet.PageNotFound-1251 -No mapping for GET /assets/css/bootstrap-table.css
2020-06-22 14:19:39 [http-nio-8099-exec-4] WARN  o.s.web.servlet.PageNotFound-1251 -No mapping for GET /assets/css/bootstrap-select.css
2020-06-22 14:19:39 [http-nio-8099-exec-8] WARN  o.s.web.servlet.PageNotFound-1251 -No mapping for GET /css/framework.css
2020-06-22 14:19:39 [http-nio-8099-exec-10] WARN  o.s.web.servlet.PageNotFound-1251 -No mapping for GET /assets/css/jquery-confirm.min.css
2020-06-22 14:19:39 [http-nio-8099-exec-4] WARN  o.s.web.servlet.PageNotFound-1251 -No mapping for GET /assets/js/jquery-2.0.3.min.js
2020-06-22 14:19:39 [http-nio-8099-exec-8] WARN  o.s.web.servlet.PageNotFound-1251 -No mapping for GET /assets/js/jquery.validate.js
2020-06-22 14:19:39 [http-nio-8099-exec-4] WARN  o.s.web.servlet.PageNotFound-1251 -No mapping for GET /assets/js/common/jquery-validate-extension.js
2020-06-22 14:19:39 [http-nio-8099-exec-6] WARN  o.s.web.servlet.PageNotFound-1251 -No mapping for GET /assets/js/bootstrap.min.js
2020-06-22 14:19:39 [http-nio-8099-exec-8] WARN  o.s.web.servlet.PageNotFound-1251 -No mapping for GET /assets/js/bootstrap-select.js
2020-06-22 14:19:39 [http-nio-8099-exec-9] WARN  o.s.web.servlet.PageNotFound-1251 -No mapping for GET /assets/js/bootstrap-table-zh-CN.js
2020-06-22 14:19:39 [http-nio-8099-exec-5] WARN  o.s.web.servlet.PageNotFound-1251 -No mapping for GET /assets/css/bootstrap-editable.css
2020-06-22 14:19:39 [http-nio-8099-exec-6] WARN  o.s.web.servlet.PageNotFound-1251 -No mapping for GET /js/asset/plug_lib/defaults-zh_CN.js
2020-06-22 14:19:39 [http-nio-8099-exec-4] WARN  o.s.web.servlet.PageNotFound-1251 -No mapping for GET /assets/js/jquery-confirm.min.js
2020-06-22 14:19:39 [http-nio-8099-exec-5] WARN  o.s.web.servlet.PageNotFound-1251 -No mapping for GET /assets/My97DatePicker/4.8/WdatePicker.js
2020-06-22 14:19:39 [http-nio-8099-exec-6] WARN  o.s.web.servlet.PageNotFound-1251 -No mapping for GET /assets/js/common/common.js
2020-06-22 14:19:39 [http-nio-8099-exec-5] WARN  o.s.web.servlet.PageNotFound-1251 -No mapping for GET /js/commons/combo_commons.js
2020-06-22 14:19:39 [http-nio-8099-exec-4] WARN  o.s.web.servlet.PageNotFound-1251 -No mapping for GET /assets/js/common/md5-min.js
2020-06-22 14:19:39 [http-nio-8099-exec-5] WARN  o.s.web.servlet.PageNotFound-1251 -No mapping for GET /js/commons/auth_permission.js
2020-06-22 14:19:39 [http-nio-8099-exec-4] WARN  o.s.web.servlet.PageNotFound-1251 -No mapping for GET /js/commons/commons.js
2020-06-22 14:19:39 [http-nio-8099-exec-2] WARN  o.s.web.servlet.PageNotFound-1251 -No mapping for GET /js/customer/customer.js
2020-06-22 14:19:39 [http-nio-8099-exec-10] WARN  o.s.web.servlet.PageNotFound-1251 -No mapping for GET /assets/js/bootstrap-table.js
2020-06-22 14:19:39 [http-nio-8099-exec-6] WARN  o.s.web.servlet.PageNotFound-1251 -No mapping for GET /js/commons/identityCardValidate.js
2020-06-22 14:19:39 [http-nio-8099-exec-5] WARN  o.s.web.servlet.PageNotFound-1251 -No mapping for GET /assets/js/jquery.validate.js
2020-06-22 14:19:39 [http-nio-8099-exec-7] WARN  o.s.web.servlet.PageNotFound-1251 -No mapping for GET /assets/js/common/jquery-validate-extension.js
2020-06-22 14:19:39 [http-nio-8099-exec-3] WARN  o.s.web.servlet.PageNotFound-1251 -No mapping for GET /assets/js/bootstrap-table.js
2020-06-22 14:19:39 [http-nio-8099-exec-9] WARN  o.s.web.servlet.PageNotFound-1251 -No mapping for GET /assets/js/bootstrap-table-zh-CN.js
2020-06-22 14:19:39 [http-nio-8099-exec-1] WARN  o.s.web.servlet.PageNotFound-1251 -No mapping for GET /assets/js/bootstrap-select.js
2020-06-22 14:19:39 [http-nio-8099-exec-4] WARN  o.s.web.servlet.PageNotFound-1251 -No mapping for GET /js/asset/plug_lib/defaults-zh_CN.js
2020-06-22 14:19:39 [http-nio-8099-exec-8] WARN  o.s.web.servlet.PageNotFound-1251 -No mapping for GET /assets/js/jquery-confirm.min.js
2020-06-22 14:19:39 [http-nio-8099-exec-2] WARN  o.s.web.servlet.PageNotFound-1251 -No mapping for GET /assets/My97DatePicker/4.8/WdatePicker.js
2020-06-22 14:19:39 [http-nio-8099-exec-10] WARN  o.s.web.servlet.PageNotFound-1251 -No mapping for GET /assets/js/common/md5-min.js
2020-06-22 14:19:39 [http-nio-8099-exec-6] WARN  o.s.web.servlet.PageNotFound-1251 -No mapping for GET /assets/js/common/common.js
2020-06-22 14:19:39 [http-nio-8099-exec-5] WARN  o.s.web.servlet.PageNotFound-1251 -No mapping for GET /js/commons/commons.js
2020-06-22 14:19:39 [http-nio-8099-exec-7] WARN  o.s.web.servlet.PageNotFound-1251 -No mapping for GET /js/commons/combo_commons.js
2020-06-22 14:19:39 [http-nio-8099-exec-3] WARN  o.s.web.servlet.PageNotFound-1251 -No mapping for GET /js/commons/identityCardValidate.js
2020-06-22 14:19:39 [http-nio-8099-exec-9] WARN  o.s.web.servlet.PageNotFound-1251 -No mapping for GET /js/commons/auth_permission.js
2020-06-22 14:19:39 [http-nio-8099-exec-1] WARN  o.s.web.servlet.PageNotFound-1251 -No mapping for GET /js/customer/customer.js
2020-06-22 14:19:40 [http-nio-8099-exec-4] WARN  o.s.web.servlet.PageNotFound-1251 -No mapping for GET /favicon.ico
2020-06-22 14:23:37 [AsyncResolver-bootstrap-executor-0] INFO  c.n.d.s.r.aws.ConfigClusterResolver-43 -Resolving eureka endpoints via configuration
2020-06-22 14:28:37 [AsyncResolver-bootstrap-executor-0] INFO  c.n.d.s.r.aws.ConfigClusterResolver-43 -Resolving eureka endpoints via configuration
2020-06-22 14:33:37 [AsyncResolver-bootstrap-executor-0] INFO  c.n.d.s.r.aws.ConfigClusterResolver-43 -Resolving eureka endpoints via configuration
2020-06-22 14:35:04 [RMI TCP Connection(2)-127.0.0.1] INFO  o.s.b.a.SpringApplicationAdminMXBeanRegistrar$SpringApplicationAdmin-159 -Application shutdown requested.
2020-06-22 14:35:04 [RMI TCP Connection(2)-127.0.0.1] INFO  o.s.c.n.e.s.EurekaServiceRegistry-65 -Unregistering application WEB with eureka with status DOWN
2020-06-22 14:35:04 [RMI TCP Connection(2)-127.0.0.1] WARN  c.netflix.discovery.DiscoveryClient-1328 -Saw local status change event StatusChangeEvent [timestamp=1592807704591, current=DOWN, previous=UP]
2020-06-22 14:35:04 [DiscoveryClient-InstanceInfoReplicator-0] INFO  c.netflix.discovery.DiscoveryClient-847 -DiscoveryClient_WEB/YOS-01604151651:web:8099: registering service...
2020-06-22 14:35:04 [RMI TCP Connection(2)-127.0.0.1] INFO  o.s.s.c.ThreadPoolTaskExecutor-218 -Shutting down ExecutorService 'applicationTaskExecutor'
2020-06-22 14:35:04 [RMI TCP Connection(2)-127.0.0.1] INFO  c.netflix.discovery.DiscoveryClient-909 -Shutting down DiscoveryClient ...
2020-06-22 14:35:04 [DiscoveryClient-InstanceInfoReplicator-0] INFO  c.netflix.discovery.DiscoveryClient-856 -DiscoveryClient_WEB/YOS-01604151651:web:8099 - registration status: 204
2020-06-22 14:35:04 [RMI TCP Connection(2)-127.0.0.1] INFO  c.netflix.discovery.DiscoveryClient-945 -Unregistering ...
2020-06-22 14:35:04 [RMI TCP Connection(2)-127.0.0.1] INFO  c.netflix.discovery.DiscoveryClient-947 -DiscoveryClient_WEB/YOS-01604151651:web:8099 - deregister  status: 200
2020-06-22 14:35:04 [RMI TCP Connection(2)-127.0.0.1] INFO  c.netflix.discovery.DiscoveryClient-934 -Completed shut down of DiscoveryClient
2020-06-22 14:35:04 [RMI TCP Connection(2)-127.0.0.1] INFO  o.a.coyote.http11.Http11NioProtocol-173 -Pausing ProtocolHandler ["http-nio-8099"]
2020-06-22 14:35:04 [RMI TCP Connection(2)-127.0.0.1] INFO  o.a.catalina.core.StandardService-173 -Stopping service [Tomcat]
2020-06-22 14:35:04 [RMI TCP Connection(2)-127.0.0.1] INFO  o.a.c.c.C.[Tomcat].[localhost].[/]-173 -Destroying Spring FrameworkServlet 'dispatcherServlet'
2020-06-22 14:35:04 [RMI TCP Connection(2)-127.0.0.1] INFO  o.a.coyote.http11.Http11NioProtocol-173 -Stopping ProtocolHandler ["http-nio-8099"]
2020-06-22 14:35:04 [RMI TCP Connection(2)-127.0.0.1] INFO  o.a.coyote.http11.Http11NioProtocol-173 -Destroying ProtocolHandler ["http-nio-8099"]
2020-06-22 14:35:10 [main] INFO  org.zero.backweb.BackWebApplication-651 -No active profile set, falling back to default profiles: default
2020-06-22 14:35:11 [main] INFO  o.s.cloud.context.scope.GenericScope-295 -BeanFactory id=dd8ca0ba-7a6f-34db-93fa-0a8851c3a4ec
2020-06-22 14:35:11 [main] INFO  o.s.b.w.e.tomcat.TomcatWebServer-92 -Tomcat initialized with port(s): 8099 (http)
2020-06-22 14:35:11 [main] INFO  o.a.coyote.http11.Http11NioProtocol-173 -Initializing ProtocolHandler ["http-nio-8099"]
2020-06-22 14:35:11 [main] INFO  o.a.catalina.core.StandardService-173 -Starting service [Tomcat]
2020-06-22 14:35:11 [main] INFO  o.a.catalina.core.StandardEngine-173 -Starting Servlet engine: [Apache Tomcat/9.0.33]
2020-06-22 14:35:11 [main] INFO  o.a.c.c.C.[Tomcat].[localhost].[/]-173 -Initializing Spring embedded WebApplicationContext
2020-06-22 14:35:11 [main] INFO  o.s.web.context.ContextLoader-284 -Root WebApplicationContext: initialization completed in 922 ms
2020-06-22 14:35:11 [main] WARN  c.n.c.sources.URLConfigurationSource-121 -No URLs will be polled as dynamic configuration sources.
2020-06-22 14:35:11 [main] INFO  c.n.c.sources.URLConfigurationSource-122 -To enable URLs as dynamic configuration sources, define System property archaius.configurationSource.additionalUrls or make config.properties available on classpath.
2020-06-22 14:35:11 [main] WARN  c.n.c.sources.URLConfigurationSource-121 -No URLs will be polled as dynamic configuration sources.
2020-06-22 14:35:11 [main] INFO  c.n.c.sources.URLConfigurationSource-122 -To enable URLs as dynamic configuration sources, define System property archaius.configurationSource.additionalUrls or make config.properties available on classpath.
2020-06-22 14:35:12 [main] INFO  o.s.s.c.ThreadPoolTaskExecutor-181 -Initializing ExecutorService 'applicationTaskExecutor'
2020-06-22 14:35:12 [main] INFO  o.s.b.a.w.s.WelcomePageHandlerMapping-58 -Adding welcome page template: index
2020-06-22 14:35:12 [main] WARN  o.t.templatemode.TemplateMode-150 -[THYMELEAF][main] Template Mode 'HTML5' is deprecated. Using Template Mode 'HTML' instead.
2020-06-22 14:35:12 [main] WARN  o.s.c.l.c.LoadBalancerCacheAutoConfiguration$LoadBalancerCaffeineWarnLogger-84 -Spring Cloud LoadBalancer is currently working with the default cache. You can switch to using Caffeine cache, by adding it to the classpath.
2020-06-22 14:35:12 [main] INFO  o.s.c.n.eureka.InstanceInfoFactory-72 -Setting initial instance status as: STARTING
2020-06-22 14:35:12 [main] INFO  c.netflix.discovery.DiscoveryClient-368 -Initializing Eureka in region us-east-1
2020-06-22 14:35:12 [main] INFO  c.n.d.p.DiscoveryJerseyProvider-70 -Using JSON encoding codec LegacyJacksonJson
2020-06-22 14:35:12 [main] INFO  c.n.d.p.DiscoveryJerseyProvider-71 -Using JSON decoding codec LegacyJacksonJson
2020-06-22 14:35:12 [main] INFO  c.n.d.p.DiscoveryJerseyProvider-80 -Using XML encoding codec XStreamXml
2020-06-22 14:35:12 [main] INFO  c.n.d.p.DiscoveryJerseyProvider-81 -Using XML decoding codec XStreamXml
2020-06-22 14:35:13 [main] INFO  c.n.d.s.r.aws.ConfigClusterResolver-43 -Resolving eureka endpoints via configuration
2020-06-22 14:35:13 [main] INFO  c.netflix.discovery.DiscoveryClient-981 -Disable delta property : false
2020-06-22 14:35:13 [main] INFO  c.netflix.discovery.DiscoveryClient-982 -Single vip registry refresh property : null
2020-06-22 14:35:13 [main] INFO  c.netflix.discovery.DiscoveryClient-983 -Force full registry fetch : false
2020-06-22 14:35:13 [main] INFO  c.netflix.discovery.DiscoveryClient-984 -Application is null : false
2020-06-22 14:35:13 [main] INFO  c.netflix.discovery.DiscoveryClient-985 -Registered Applications size is zero : true
2020-06-22 14:35:13 [main] INFO  c.netflix.discovery.DiscoveryClient-987 -Application version is -1: true
2020-06-22 14:35:13 [main] INFO  c.netflix.discovery.DiscoveryClient-1070 -Getting all instance registry info from the eureka server
2020-06-22 14:35:13 [main] INFO  c.netflix.discovery.DiscoveryClient-1079 -The response status is 200
2020-06-22 14:35:13 [main] INFO  c.netflix.discovery.DiscoveryClient-1294 -Starting heartbeat executor: renew interval is: 30
2020-06-22 14:35:13 [main] INFO  c.n.discovery.InstanceInfoReplicator-60 -InstanceInfoReplicator onDemand update allowed rate per min is 4
2020-06-22 14:35:13 [main] INFO  c.netflix.discovery.DiscoveryClient-468 -Discovery Client initialized at timestamp 1592807713276 with initial instances count: 2
2020-06-22 14:35:13 [main] INFO  o.s.c.n.e.s.EurekaServiceRegistry-41 -Registering application WEB with eureka with status UP
2020-06-22 14:35:13 [main] INFO  c.netflix.discovery.DiscoveryClient-1330 -Saw local status change event StatusChangeEvent [timestamp=1592807713276, current=UP, previous=STARTING]
2020-06-22 14:35:13 [DiscoveryClient-InstanceInfoReplicator-0] INFO  c.netflix.discovery.DiscoveryClient-847 -DiscoveryClient_WEB/YOS-01604151651:web:8099: registering service...
2020-06-22 14:35:13 [main] INFO  o.a.coyote.http11.Http11NioProtocol-173 -Starting ProtocolHandler ["http-nio-8099"]
2020-06-22 14:35:13 [main] INFO  o.s.b.w.e.tomcat.TomcatWebServer-204 -Tomcat started on port(s): 8099 (http) with context path ''
2020-06-22 14:35:13 [main] INFO  o.s.c.n.e.s.EurekaAutoServiceRegistration-145 -Updating port to 8099
2020-06-22 14:35:13 [DiscoveryClient-InstanceInfoReplicator-0] INFO  c.netflix.discovery.DiscoveryClient-856 -DiscoveryClient_WEB/YOS-01604151651:web:8099 - registration status: 204
2020-06-22 14:35:13 [main] INFO  org.zero.backweb.BackWebApplication-61 -Started BackWebApplication in 3.205 seconds (JVM running for 3.915)
2020-06-22 14:35:22 [http-nio-8099-exec-1] INFO  o.a.c.c.C.[Tomcat].[localhost].[/]-173 -Initializing Spring DispatcherServlet 'dispatcherServlet'
2020-06-22 14:35:22 [http-nio-8099-exec-1] INFO  o.s.web.servlet.DispatcherServlet-525 -Initializing Servlet 'dispatcherServlet'
2020-06-22 14:35:22 [http-nio-8099-exec-1] INFO  o.s.web.servlet.DispatcherServlet-547 -Completed initialization in 15 ms
2020-06-22 14:40:13 [AsyncResolver-bootstrap-executor-0] INFO  c.n.d.s.r.aws.ConfigClusterResolver-43 -Resolving eureka endpoints via configuration
2020-06-22 14:45:13 [AsyncResolver-bootstrap-executor-0] INFO  c.n.d.s.r.aws.ConfigClusterResolver-43 -Resolving eureka endpoints via configuration
2020-06-22 14:50:13 [AsyncResolver-bootstrap-executor-0] INFO  c.n.d.s.r.aws.ConfigClusterResolver-43 -Resolving eureka endpoints via configuration
2020-06-22 14:55:13 [AsyncResolver-bootstrap-executor-0] INFO  c.n.d.s.r.aws.ConfigClusterResolver-43 -Resolving eureka endpoints via configuration
2020-06-22 15:00:13 [AsyncResolver-bootstrap-executor-0] INFO  c.n.d.s.r.aws.ConfigClusterResolver-43 -Resolving eureka endpoints via configuration
2020-06-22 15:05:13 [AsyncResolver-bootstrap-executor-0] INFO  c.n.d.s.r.aws.ConfigClusterResolver-43 -Resolving eureka endpoints via configuration
2020-06-22 15:10:13 [AsyncResolver-bootstrap-executor-0] INFO  c.n.d.s.r.aws.ConfigClusterResolver-43 -Resolving eureka endpoints via configuration
2020-06-22 15:15:13 [AsyncResolver-bootstrap-executor-0] INFO  c.n.d.s.r.aws.ConfigClusterResolver-43 -Resolving eureka endpoints via configuration
2020-06-22 15:20:13 [AsyncResolver-bootstrap-executor-0] INFO  c.n.d.s.r.aws.ConfigClusterResolver-43 -Resolving eureka endpoints via configuration
2020-06-22 15:25:13 [AsyncResolver-bootstrap-executor-0] INFO  c.n.d.s.r.aws.ConfigClusterResolver-43 -Resolving eureka endpoints via configuration
2020-06-22 15:30:13 [AsyncResolver-bootstrap-executor-0] INFO  c.n.d.s.r.aws.ConfigClusterResolver-43 -Resolving eureka endpoints via configuration
2020-06-22 15:35:13 [AsyncResolver-bootstrap-executor-0] INFO  c.n.d.s.r.aws.ConfigClusterResolver-43 -Resolving eureka endpoints via configuration
2020-06-22 15:40:13 [AsyncResolver-bootstrap-executor-0] INFO  c.n.d.s.r.aws.ConfigClusterResolver-43 -Resolving eureka endpoints via configuration
2020-06-22 15:45:13 [AsyncResolver-bootstrap-executor-0] INFO  c.n.d.s.r.aws.ConfigClusterResolver-43 -Resolving eureka endpoints via configuration
2020-06-22 15:50:13 [AsyncResolver-bootstrap-executor-0] INFO  c.n.d.s.r.aws.ConfigClusterResolver-43 -Resolving eureka endpoints via configuration
2020-06-22 15:55:13 [AsyncResolver-bootstrap-executor-0] INFO  c.n.d.s.r.aws.ConfigClusterResolver-43 -Resolving eureka endpoints via configuration
2020-06-22 16:00:13 [AsyncResolver-bootstrap-executor-0] INFO  c.n.d.s.r.aws.ConfigClusterResolver-43 -Resolving eureka endpoints via configuration
2020-06-22 16:05:13 [AsyncResolver-bootstrap-executor-0] INFO  c.n.d.s.r.aws.ConfigClusterResolver-43 -Resolving eureka endpoints via configuration
2020-06-22 16:10:13 [AsyncResolver-bootstrap-executor-0] INFO  c.n.d.s.r.aws.ConfigClusterResolver-43 -Resolving eureka endpoints via configuration
2020-06-22 16:15:13 [AsyncResolver-bootstrap-executor-0] INFO  c.n.d.s.r.aws.ConfigClusterResolver-43 -Resolving eureka endpoints via configuration
2020-06-22 16:20:13 [AsyncResolver-bootstrap-executor-0] INFO  c.n.d.s.r.aws.ConfigClusterResolver-43 -Resolving eureka endpoints via configuration
2020-06-22 16:25:13 [AsyncResolver-bootstrap-executor-0] INFO  c.n.d.s.r.aws.ConfigClusterResolver-43 -Resolving eureka endpoints via configuration
2020-06-22 16:30:13 [AsyncResolver-bootstrap-executor-0] INFO  c.n.d.s.r.aws.ConfigClusterResolver-43 -Resolving eureka endpoints via configuration
2020-06-22 16:35:13 [AsyncResolver-bootstrap-executor-0] INFO  c.n.d.s.r.aws.ConfigClusterResolver-43 -Resolving eureka endpoints via configuration
2020-06-22 16:40:13 [AsyncResolver-bootstrap-executor-0] INFO  c.n.d.s.r.aws.ConfigClusterResolver-43 -Resolving eureka endpoints via configuration
2020-06-22 16:45:13 [AsyncResolver-bootstrap-executor-0] INFO  c.n.d.s.r.aws.ConfigClusterResolver-43 -Resolving eureka endpoints via configuration
2020-06-22 16:50:13 [AsyncResolver-bootstrap-executor-0] INFO  c.n.d.s.r.aws.ConfigClusterResolver-43 -Resolving eureka endpoints via configuration
2020-06-22 16:55:13 [AsyncResolver-bootstrap-executor-0] INFO  c.n.d.s.r.aws.ConfigClusterResolver-43 -Resolving eureka endpoints via configuration
2020-06-22 17:00:13 [AsyncResolver-bootstrap-executor-0] INFO  c.n.d.s.r.aws.ConfigClusterResolver-43 -Resolving eureka endpoints via configuration
2020-06-22 17:05:13 [AsyncResolver-bootstrap-executor-0] INFO  c.n.d.s.r.aws.ConfigClusterResolver-43 -Resolving eureka endpoints via configuration
2020-06-22 17:10:13 [AsyncResolver-bootstrap-executor-0] INFO  c.n.d.s.r.aws.ConfigClusterResolver-43 -Resolving eureka endpoints via configuration
2020-06-22 17:15:13 [AsyncResolver-bootstrap-executor-0] INFO  c.n.d.s.r.aws.ConfigClusterResolver-43 -Resolving eureka endpoints via configuration
2020-06-22 17:20:13 [AsyncResolver-bootstrap-executor-0] INFO  c.n.d.s.r.aws.ConfigClusterResolver-43 -Resolving eureka endpoints via configuration
2020-06-22 17:25:13 [AsyncResolver-bootstrap-executor-0] INFO  c.n.d.s.r.aws.ConfigClusterResolver-43 -Resolving eureka endpoints via configuration
2020-06-22 17:30:13 [AsyncResolver-bootstrap-executor-0] INFO  c.n.d.s.r.aws.ConfigClusterResolver-43 -Resolving eureka endpoints via configuration
2020-06-22 17:35:13 [AsyncResolver-bootstrap-executor-0] INFO  c.n.d.s.r.aws.ConfigClusterResolver-43 -Resolving eureka endpoints via configuration
2020-06-22 17:40:13 [AsyncResolver-bootstrap-executor-0] INFO  c.n.d.s.r.aws.ConfigClusterResolver-43 -Resolving eureka endpoints via configuration
2020-06-22 17:45:13 [AsyncResolver-bootstrap-executor-0] INFO  c.n.d.s.r.aws.ConfigClusterResolver-43 -Resolving eureka endpoints via configuration
2020-06-22 17:49:22 [RMI TCP Connection(2)-127.0.0.1] INFO  o.s.b.a.SpringApplicationAdminMXBeanRegistrar$SpringApplicationAdmin-159 -Application shutdown requested.
2020-06-22 17:49:22 [RMI TCP Connection(2)-127.0.0.1] INFO  o.s.c.n.e.s.EurekaServiceRegistry-65 -Unregistering application WEB with eureka with status DOWN
2020-06-22 17:49:22 [RMI TCP Connection(2)-127.0.0.1] WARN  c.netflix.discovery.DiscoveryClient-1328 -Saw local status change event StatusChangeEvent [timestamp=1592819362373, current=DOWN, previous=UP]
2020-06-22 17:49:22 [DiscoveryClient-InstanceInfoReplicator-0] INFO  c.netflix.discovery.DiscoveryClient-847 -DiscoveryClient_WEB/YOS-01604151651:web:8099: registering service...
2020-06-22 17:49:22 [RMI TCP Connection(2)-127.0.0.1] INFO  o.s.s.c.ThreadPoolTaskExecutor-218 -Shutting down ExecutorService 'applicationTaskExecutor'
2020-06-22 17:49:22 [DiscoveryClient-InstanceInfoReplicator-0] INFO  c.netflix.discovery.DiscoveryClient-856 -DiscoveryClient_WEB/YOS-01604151651:web:8099 - registration status: 204
2020-06-22 17:49:22 [RMI TCP Connection(2)-127.0.0.1] INFO  c.netflix.discovery.DiscoveryClient-909 -Shutting down DiscoveryClient ...
2020-06-22 17:49:25 [RMI TCP Connection(2)-127.0.0.1] INFO  c.netflix.discovery.DiscoveryClient-945 -Unregistering ...
2020-06-22 17:49:25 [RMI TCP Connection(2)-127.0.0.1] INFO  c.netflix.discovery.DiscoveryClient-947 -DiscoveryClient_WEB/YOS-01604151651:web:8099 - deregister  status: 200
2020-06-22 17:49:25 [RMI TCP Connection(2)-127.0.0.1] INFO  c.netflix.discovery.DiscoveryClient-934 -Completed shut down of DiscoveryClient
2020-06-22 17:49:25 [RMI TCP Connection(2)-127.0.0.1] INFO  o.a.coyote.http11.Http11NioProtocol-173 -Pausing ProtocolHandler ["http-nio-8099"]
2020-06-22 17:49:25 [RMI TCP Connection(2)-127.0.0.1] INFO  o.a.catalina.core.StandardService-173 -Stopping service [Tomcat]
2020-06-22 17:49:25 [RMI TCP Connection(2)-127.0.0.1] INFO  o.a.c.c.C.[Tomcat].[localhost].[/]-173 -Destroying Spring FrameworkServlet 'dispatcherServlet'
2020-06-22 17:49:25 [RMI TCP Connection(2)-127.0.0.1] INFO  o.a.coyote.http11.Http11NioProtocol-173 -Stopping ProtocolHandler ["http-nio-8099"]
2020-06-22 17:49:25 [RMI TCP Connection(2)-127.0.0.1] INFO  o.a.coyote.http11.Http11NioProtocol-173 -Destroying ProtocolHandler ["http-nio-8099"]
