2020-06-22 16:09:47 [restartedMain] INFO  o.zero.customer.CustomerApplication-651 -No active profile set, falling back to default profiles: default
2020-06-22 16:09:47 [restartedMain] INFO  o.s.cloud.context.scope.GenericScope-295 -BeanFactory id=0b6a8bdb-3bea-3ee9-973c-97bcc10b3305
2020-06-22 16:09:47 [restartedMain] INFO  o.s.b.w.e.tomcat.TomcatWebServer-92 -Tomcat initialized with port(s): 8091 (http)
2020-06-22 16:09:47 [restartedMain] INFO  o.a.catalina.core.StandardService-173 -Starting service [Tomcat]
2020-06-22 16:09:47 [restartedMain] INFO  o.a.catalina.core.StandardEngine-173 -Starting Servlet engine: [Apache Tomcat/9.0.33]
2020-06-22 16:09:47 [restartedMain] INFO  o.a.c.c.C.[Tomcat].[localhost].[/]-173 -Initializing Spring embedded WebApplicationContext
2020-06-22 16:09:47 [restartedMain] INFO  o.s.web.context.ContextLoader-284 -Root WebApplicationContext: initialization completed in 429 ms
2020-06-22 16:09:47 [restartedMain] INFO  c.a.d.s.b.a.DruidDataSourceAutoConfigure-56 -Init DruidDataSource
2020-06-22 16:09:47 [restartedMain] INFO  c.alibaba.druid.pool.DruidDataSource-994 -{dataSource-4} inited
2020-06-22 16:09:47 [restartedMain] WARN  c.n.c.sources.URLConfigurationSource-121 -No URLs will be polled as dynamic configuration sources.
2020-06-22 16:09:47 [restartedMain] INFO  c.n.c.sources.URLConfigurationSource-122 -To enable URLs as dynamic configuration sources, define System property archaius.configurationSource.additionalUrls or make config.properties available on classpath.
2020-06-22 16:09:47 [restartedMain] INFO  o.s.s.c.ThreadPoolTaskExecutor-181 -Initializing ExecutorService 'applicationTaskExecutor'
2020-06-22 16:09:47 [restartedMain] INFO  o.s.b.d.a.OptionalLiveReloadServer-58 -LiveReload server is running on port 35729
2020-06-22 16:09:47 [restartedMain] WARN  o.s.c.l.c.LoadBalancerCacheAutoConfiguration$LoadBalancerCaffeineWarnLogger-84 -Spring Cloud LoadBalancer is currently working with the default cache. You can switch to using Caffeine cache, by adding it to the classpath.
2020-06-22 16:09:47 [restartedMain] INFO  o.s.c.n.eureka.InstanceInfoFactory-72 -Setting initial instance status as: STARTING
2020-06-22 16:09:47 [restartedMain] INFO  c.netflix.discovery.DiscoveryClient-368 -Initializing Eureka in region us-east-1
2020-06-22 16:09:47 [restartedMain] INFO  c.n.d.p.DiscoveryJerseyProvider-70 -Using JSON encoding codec LegacyJacksonJson
2020-06-22 16:09:47 [restartedMain] INFO  c.n.d.p.DiscoveryJerseyProvider-71 -Using JSON decoding codec LegacyJacksonJson
2020-06-22 16:09:47 [restartedMain] INFO  c.n.d.p.DiscoveryJerseyProvider-80 -Using XML encoding codec XStreamXml
2020-06-22 16:09:47 [restartedMain] INFO  c.n.d.p.DiscoveryJerseyProvider-81 -Using XML decoding codec XStreamXml
2020-06-22 16:09:48 [restartedMain] INFO  c.n.d.s.r.aws.ConfigClusterResolver-43 -Resolving eureka endpoints via configuration
2020-06-22 16:09:48 [restartedMain] INFO  c.netflix.discovery.DiscoveryClient-981 -Disable delta property : false
2020-06-22 16:09:48 [restartedMain] INFO  c.netflix.discovery.DiscoveryClient-982 -Single vip registry refresh property : null
2020-06-22 16:09:48 [restartedMain] INFO  c.netflix.discovery.DiscoveryClient-983 -Force full registry fetch : false
2020-06-22 16:09:48 [restartedMain] INFO  c.netflix.discovery.DiscoveryClient-984 -Application is null : false
2020-06-22 16:09:48 [restartedMain] INFO  c.netflix.discovery.DiscoveryClient-985 -Registered Applications size is zero : true
2020-06-22 16:09:48 [restartedMain] INFO  c.netflix.discovery.DiscoveryClient-987 -Application version is -1: true
2020-06-22 16:09:48 [restartedMain] INFO  c.netflix.discovery.DiscoveryClient-1070 -Getting all instance registry info from the eureka server
2020-06-22 16:09:48 [restartedMain] INFO  c.netflix.discovery.DiscoveryClient-1079 -The response status is 200
2020-06-22 16:09:48 [restartedMain] INFO  c.netflix.discovery.DiscoveryClient-1294 -Starting heartbeat executor: renew interval is: 30
2020-06-22 16:09:48 [restartedMain] INFO  c.n.discovery.InstanceInfoReplicator-60 -InstanceInfoReplicator onDemand update allowed rate per min is 4
2020-06-22 16:09:48 [restartedMain] INFO  c.netflix.discovery.DiscoveryClient-468 -Discovery Client initialized at timestamp 1592813388010 with initial instances count: 2
2020-06-22 16:09:48 [restartedMain] INFO  o.s.c.n.e.s.EurekaServiceRegistry-41 -Registering application CUSTOMER with eureka with status UP
2020-06-22 16:09:48 [restartedMain] INFO  c.netflix.discovery.DiscoveryClient-1330 -Saw local status change event StatusChangeEvent [timestamp=1592813388012, current=UP, previous=STARTING]
2020-06-22 16:09:48 [DiscoveryClient-InstanceInfoReplicator-0] INFO  c.netflix.discovery.DiscoveryClient-847 -DiscoveryClient_CUSTOMER/YOS-01604151651:customer:8091: registering service...
2020-06-22 16:09:48 [DiscoveryClient-InstanceInfoReplicator-0] INFO  c.netflix.discovery.DiscoveryClient-856 -DiscoveryClient_CUSTOMER/YOS-01604151651:customer:8091 - registration status: 204
2020-06-22 16:09:48 [restartedMain] INFO  o.s.b.w.e.tomcat.TomcatWebServer-204 -Tomcat started on port(s): 8091 (http) with context path ''
2020-06-22 16:09:48 [restartedMain] INFO  o.s.c.n.e.s.EurekaAutoServiceRegistration-145 -Updating port to 8091
2020-06-22 16:09:48 [restartedMain] INFO  o.zero.customer.CustomerApplication-61 -Started CustomerApplication in 1.237 seconds (JVM running for 1931.247)
2020-06-22 16:09:48 [restartedMain] INFO  o.s.b.d.a.ConditionEvaluationDeltaLoggingListener-63 -Condition evaluation unchanged
2020-06-22 16:09:52 [http-nio-8091-exec-1] INFO  o.a.c.c.C.[Tomcat].[localhost].[/]-173 -Initializing Spring DispatcherServlet 'dispatcherServlet'
2020-06-22 16:09:52 [http-nio-8091-exec-1] INFO  o.s.web.servlet.DispatcherServlet-525 -Initializing Servlet 'dispatcherServlet'
2020-06-22 16:09:52 [http-nio-8091-exec-1] INFO  o.s.web.servlet.DispatcherServlet-547 -Completed initialization in 3 ms
2020-06-22 16:09:52 [http-nio-8091-exec-2] INFO  o.z.c.controller.CustomerController-42 -分页客户信息，参数：[CCustInfoVo [custAccount=CCustAccount [accountId=null, custId=null, phoneNo=123456789, userName=null, email=null, password=null, registerTime=null]]]
2020-06-22 16:11:21 [Thread-28] INFO  o.s.c.n.e.s.EurekaServiceRegistry-65 -Unregistering application CUSTOMER with eureka with status DOWN
2020-06-22 16:11:21 [Thread-28] WARN  c.netflix.discovery.DiscoveryClient-1328 -Saw local status change event StatusChangeEvent [timestamp=1592813481027, current=DOWN, previous=UP]
2020-06-22 16:11:21 [DiscoveryClient-InstanceInfoReplicator-0] INFO  c.netflix.discovery.DiscoveryClient-847 -DiscoveryClient_CUSTOMER/YOS-01604151651:customer:8091: registering service...
2020-06-22 16:11:21 [Thread-28] INFO  o.s.s.c.ThreadPoolTaskExecutor-218 -Shutting down ExecutorService 'applicationTaskExecutor'
2020-06-22 16:11:21 [Thread-28] INFO  c.alibaba.druid.pool.DruidDataSource-2029 -{dataSource-4} closing ...
2020-06-22 16:11:21 [Thread-28] INFO  c.alibaba.druid.pool.DruidDataSource-2101 -{dataSource-4} closed
2020-06-22 16:11:21 [Thread-28] INFO  c.netflix.discovery.DiscoveryClient-909 -Shutting down DiscoveryClient ...
2020-06-22 16:11:21 [DiscoveryClient-InstanceInfoReplicator-0] INFO  c.netflix.discovery.DiscoveryClient-856 -DiscoveryClient_CUSTOMER/YOS-01604151651:customer:8091 - registration status: 204
2020-06-22 16:11:21 [Thread-28] INFO  c.netflix.discovery.DiscoveryClient-945 -Unregistering ...
2020-06-22 16:11:21 [Thread-28] INFO  c.netflix.discovery.DiscoveryClient-947 -DiscoveryClient_CUSTOMER/YOS-01604151651:customer:8091 - deregister  status: 200
2020-06-22 16:11:21 [Thread-28] INFO  c.netflix.discovery.DiscoveryClient-934 -Completed shut down of DiscoveryClient
2020-06-22 16:11:21 [restartedMain] INFO  o.zero.customer.CustomerApplication-651 -No active profile set, falling back to default profiles: default
2020-06-22 16:11:21 [restartedMain] INFO  o.s.cloud.context.scope.GenericScope-295 -BeanFactory id=0b6a8bdb-3bea-3ee9-973c-97bcc10b3305
2020-06-22 16:11:21 [restartedMain] INFO  o.s.b.w.e.tomcat.TomcatWebServer-92 -Tomcat initialized with port(s): 8091 (http)
2020-06-22 16:11:21 [restartedMain] INFO  o.a.catalina.core.StandardService-173 -Starting service [Tomcat]
2020-06-22 16:11:21 [restartedMain] INFO  o.a.catalina.core.StandardEngine-173 -Starting Servlet engine: [Apache Tomcat/9.0.33]
2020-06-22 16:11:21 [restartedMain] INFO  o.a.c.c.C.[Tomcat].[localhost].[/]-173 -Initializing Spring embedded WebApplicationContext
2020-06-22 16:11:21 [restartedMain] INFO  o.s.web.context.ContextLoader-284 -Root WebApplicationContext: initialization completed in 430 ms
2020-06-22 16:11:21 [restartedMain] INFO  c.a.d.s.b.a.DruidDataSourceAutoConfigure-56 -Init DruidDataSource
2020-06-22 16:11:22 [restartedMain] INFO  c.alibaba.druid.pool.DruidDataSource-994 -{dataSource-5} inited
2020-06-22 16:11:22 [restartedMain] WARN  c.n.c.sources.URLConfigurationSource-121 -No URLs will be polled as dynamic configuration sources.
2020-06-22 16:11:22 [restartedMain] INFO  c.n.c.sources.URLConfigurationSource-122 -To enable URLs as dynamic configuration sources, define System property archaius.configurationSource.additionalUrls or make config.properties available on classpath.
2020-06-22 16:11:22 [restartedMain] INFO  o.s.s.c.ThreadPoolTaskExecutor-181 -Initializing ExecutorService 'applicationTaskExecutor'
2020-06-22 16:11:22 [restartedMain] INFO  o.s.b.d.a.OptionalLiveReloadServer-58 -LiveReload server is running on port 35729
2020-06-22 16:11:22 [restartedMain] WARN  o.s.c.l.c.LoadBalancerCacheAutoConfiguration$LoadBalancerCaffeineWarnLogger-84 -Spring Cloud LoadBalancer is currently working with the default cache. You can switch to using Caffeine cache, by adding it to the classpath.
2020-06-22 16:11:22 [restartedMain] INFO  o.s.c.n.eureka.InstanceInfoFactory-72 -Setting initial instance status as: STARTING
2020-06-22 16:11:22 [restartedMain] INFO  c.netflix.discovery.DiscoveryClient-368 -Initializing Eureka in region us-east-1
2020-06-22 16:11:22 [restartedMain] INFO  c.n.d.p.DiscoveryJerseyProvider-70 -Using JSON encoding codec LegacyJacksonJson
2020-06-22 16:11:22 [restartedMain] INFO  c.n.d.p.DiscoveryJerseyProvider-71 -Using JSON decoding codec LegacyJacksonJson
2020-06-22 16:11:22 [restartedMain] INFO  c.n.d.p.DiscoveryJerseyProvider-80 -Using XML encoding codec XStreamXml
2020-06-22 16:11:22 [restartedMain] INFO  c.n.d.p.DiscoveryJerseyProvider-81 -Using XML decoding codec XStreamXml
2020-06-22 16:11:22 [restartedMain] INFO  c.n.d.s.r.aws.ConfigClusterResolver-43 -Resolving eureka endpoints via configuration
2020-06-22 16:11:22 [restartedMain] INFO  c.netflix.discovery.DiscoveryClient-981 -Disable delta property : false
2020-06-22 16:11:22 [restartedMain] INFO  c.netflix.discovery.DiscoveryClient-982 -Single vip registry refresh property : null
2020-06-22 16:11:22 [restartedMain] INFO  c.netflix.discovery.DiscoveryClient-983 -Force full registry fetch : false
2020-06-22 16:11:22 [restartedMain] INFO  c.netflix.discovery.DiscoveryClient-984 -Application is null : false
2020-06-22 16:11:22 [restartedMain] INFO  c.netflix.discovery.DiscoveryClient-985 -Registered Applications size is zero : true
2020-06-22 16:11:22 [restartedMain] INFO  c.netflix.discovery.DiscoveryClient-987 -Application version is -1: true
2020-06-22 16:11:22 [restartedMain] INFO  c.netflix.discovery.DiscoveryClient-1070 -Getting all instance registry info from the eureka server
2020-06-22 16:11:22 [restartedMain] INFO  c.netflix.discovery.DiscoveryClient-1079 -The response status is 200
2020-06-22 16:11:22 [restartedMain] INFO  c.netflix.discovery.DiscoveryClient-1294 -Starting heartbeat executor: renew interval is: 30
2020-06-22 16:11:22 [restartedMain] INFO  c.n.discovery.InstanceInfoReplicator-60 -InstanceInfoReplicator onDemand update allowed rate per min is 4
2020-06-22 16:11:22 [restartedMain] INFO  c.netflix.discovery.DiscoveryClient-468 -Discovery Client initialized at timestamp 1592813482425 with initial instances count: 2
2020-06-22 16:11:22 [restartedMain] INFO  o.s.c.n.e.s.EurekaServiceRegistry-41 -Registering application CUSTOMER with eureka with status UP
2020-06-22 16:11:22 [restartedMain] INFO  c.netflix.discovery.DiscoveryClient-1330 -Saw local status change event StatusChangeEvent [timestamp=1592813482426, current=UP, previous=STARTING]
2020-06-22 16:11:22 [DiscoveryClient-InstanceInfoReplicator-0] INFO  c.netflix.discovery.DiscoveryClient-847 -DiscoveryClient_CUSTOMER/YOS-01604151651:customer:8091: registering service...
2020-06-22 16:11:22 [DiscoveryClient-InstanceInfoReplicator-0] INFO  c.netflix.discovery.DiscoveryClient-856 -DiscoveryClient_CUSTOMER/YOS-01604151651:customer:8091 - registration status: 204
2020-06-22 16:11:22 [restartedMain] INFO  o.s.b.w.e.tomcat.TomcatWebServer-204 -Tomcat started on port(s): 8091 (http) with context path ''
2020-06-22 16:11:22 [restartedMain] INFO  o.s.c.n.e.s.EurekaAutoServiceRegistration-145 -Updating port to 8091
2020-06-22 16:11:22 [restartedMain] INFO  o.zero.customer.CustomerApplication-61 -Started CustomerApplication in 1.18 seconds (JVM running for 2025.66)
2020-06-22 16:11:22 [restartedMain] INFO  o.s.b.d.a.ConditionEvaluationDeltaLoggingListener-63 -Condition evaluation unchanged
2020-06-22 16:11:36 [http-nio-8091-exec-2] INFO  o.a.c.c.C.[Tomcat].[localhost].[/]-173 -Initializing Spring DispatcherServlet 'dispatcherServlet'
2020-06-22 16:11:36 [http-nio-8091-exec-2] INFO  o.s.web.servlet.DispatcherServlet-525 -Initializing Servlet 'dispatcherServlet'
2020-06-22 16:11:36 [http-nio-8091-exec-2] INFO  o.s.web.servlet.DispatcherServlet-547 -Completed initialization in 4 ms
2020-06-22 16:11:36 [http-nio-8091-exec-3] INFO  o.z.c.controller.CustomerController-42 -分页客户信息，参数：[CCustInfoVo [custAccount=CCustAccount [accountId=null, custId=null, phoneNo=123456789, userName=null, email=null, password=null, registerTime=null]]]
2020-06-22 16:11:36 [http-nio-8091-exec-3] DEBUG o.z.c.s.m.C.selectExtendByColumn_COUNT-137 -==>  Preparing: SELECT count(0) FROM c_cust_info t LEFT JOIN c_cust_account a ON t.cust_id = a.cust_id WHERE a.phone_no = ?
2020-06-22 16:11:36 [http-nio-8091-exec-3] DEBUG o.z.c.s.m.C.selectExtendByColumn_COUNT-137 -==> Parameters: 123456789(String)
2020-06-22 16:11:36 [http-nio-8091-exec-3] DEBUG o.z.c.s.m.C.selectExtendByColumn_COUNT-137 -<==      Total: 1
2020-06-22 16:11:36 [http-nio-8091-exec-3] DEBUG o.z.c.s.m.C.selectExtendByColumn-137 -==>  Preparing: select a.phone_no, a.user_name, a.email , t.cust_id, t.account_id, t.real_name, t.cert_no, t.cert_area, t.cust_type, t.already_auth, t.birth, t.gender, t.risk_evaluat_score, t.is_staff, t.introducer, t.default_bank, t.create_time from c_cust_info t left join c_cust_account a on t.cust_id = a.cust_id WHERE a.phone_no = ? order by t.create_time desc LIMIT ?
2020-06-22 16:11:36 [http-nio-8091-exec-3] DEBUG o.z.c.s.m.C.selectExtendByColumn-137 -==> Parameters: 123456789(String), 10(Integer)
2020-06-22 16:11:36 [http-nio-8091-exec-3] DEBUG o.z.c.s.m.C.selectExtendByColumn-137 -<==      Total: 1
2020-06-22 16:16:22 [AsyncResolver-bootstrap-executor-0] INFO  c.n.d.s.r.aws.ConfigClusterResolver-43 -Resolving eureka endpoints via configuration
2020-06-22 16:19:29 [http-nio-8091-exec-8] INFO  o.z.c.controller.CustomerController-42 -分页客户信息，参数：[CCustInfoVo [custAccount=null]]
2020-06-22 16:19:30 [http-nio-8091-exec-8] DEBUG o.z.c.s.m.C.selectExtendByColumn_COUNT-137 -==>  Preparing: SELECT count(0) FROM c_cust_info t LEFT JOIN c_cust_account a ON t.cust_id = a.cust_id WHERE t.already_auth = ?
2020-06-22 16:19:30 [http-nio-8091-exec-8] DEBUG o.z.c.s.m.C.selectExtendByColumn_COUNT-137 -==> Parameters: 1(Byte)
2020-06-22 16:19:30 [http-nio-8091-exec-8] DEBUG o.z.c.s.m.C.selectExtendByColumn_COUNT-137 -<==      Total: 1
2020-06-22 16:21:22 [AsyncResolver-bootstrap-executor-0] INFO  c.n.d.s.r.aws.ConfigClusterResolver-43 -Resolving eureka endpoints via configuration
2020-06-22 16:26:22 [AsyncResolver-bootstrap-executor-0] INFO  c.n.d.s.r.aws.ConfigClusterResolver-43 -Resolving eureka endpoints via configuration
2020-06-22 16:31:22 [AsyncResolver-bootstrap-executor-0] INFO  c.n.d.s.r.aws.ConfigClusterResolver-43 -Resolving eureka endpoints via configuration
2020-06-22 16:36:22 [AsyncResolver-bootstrap-executor-0] INFO  c.n.d.s.r.aws.ConfigClusterResolver-43 -Resolving eureka endpoints via configuration
2020-06-22 16:41:22 [AsyncResolver-bootstrap-executor-0] INFO  c.n.d.s.r.aws.ConfigClusterResolver-43 -Resolving eureka endpoints via configuration
2020-06-22 16:43:44 [http-nio-8091-exec-9] INFO  o.z.c.controller.CustomerController-42 -分页客户信息，参数：[CCustInfoVo [custAccount=null]]
2020-06-22 16:43:45 [http-nio-8091-exec-9] DEBUG o.z.c.s.m.C.selectExtendByColumn_COUNT-137 -==>  Preparing: SELECT count(0) FROM c_cust_info t LEFT JOIN c_cust_account a ON t.cust_id = a.cust_id WHERE t.already_auth = ?
2020-06-22 16:43:45 [http-nio-8091-exec-9] DEBUG o.z.c.s.m.C.selectExtendByColumn_COUNT-137 -==> Parameters: 1(Byte)
2020-06-22 16:43:45 [http-nio-8091-exec-9] DEBUG o.z.c.s.m.C.selectExtendByColumn_COUNT-137 -<==      Total: 1
2020-06-22 16:43:50 [http-nio-8091-exec-3] INFO  o.z.c.controller.CustomerController-42 -分页客户信息，参数：[CCustInfoVo [custAccount=null]]
2020-06-22 16:43:50 [http-nio-8091-exec-3] DEBUG o.z.c.s.m.C.selectExtendByColumn_COUNT-137 -==>  Preparing: SELECT count(0) FROM c_cust_info t LEFT JOIN c_cust_account a ON t.cust_id = a.cust_id
2020-06-22 16:43:50 [http-nio-8091-exec-3] DEBUG o.z.c.s.m.C.selectExtendByColumn_COUNT-137 -==> Parameters: 
2020-06-22 16:43:50 [http-nio-8091-exec-3] DEBUG o.z.c.s.m.C.selectExtendByColumn_COUNT-137 -<==      Total: 1
2020-06-22 16:43:50 [http-nio-8091-exec-3] DEBUG o.z.c.s.m.C.selectExtendByColumn-137 -==>  Preparing: select a.phone_no, a.user_name, a.email , t.cust_id, t.account_id, t.real_name, t.cert_no, t.cert_area, t.cust_type, t.already_auth, t.birth, t.gender, t.risk_evaluat_score, t.is_staff, t.introducer, t.default_bank, t.create_time from c_cust_info t left join c_cust_account a on t.cust_id = a.cust_id order by t.create_time desc LIMIT ?
2020-06-22 16:43:50 [http-nio-8091-exec-3] DEBUG o.z.c.s.m.C.selectExtendByColumn-137 -==> Parameters: 10(Integer)
2020-06-22 16:43:50 [http-nio-8091-exec-3] DEBUG o.z.c.s.m.C.selectExtendByColumn-137 -<==      Total: 1
2020-06-22 16:46:22 [AsyncResolver-bootstrap-executor-0] INFO  c.n.d.s.r.aws.ConfigClusterResolver-43 -Resolving eureka endpoints via configuration
2020-06-22 16:51:22 [AsyncResolver-bootstrap-executor-0] INFO  c.n.d.s.r.aws.ConfigClusterResolver-43 -Resolving eureka endpoints via configuration
2020-06-22 16:56:22 [AsyncResolver-bootstrap-executor-0] INFO  c.n.d.s.r.aws.ConfigClusterResolver-43 -Resolving eureka endpoints via configuration
2020-06-22 17:01:22 [AsyncResolver-bootstrap-executor-0] INFO  c.n.d.s.r.aws.ConfigClusterResolver-43 -Resolving eureka endpoints via configuration
2020-06-22 17:06:22 [AsyncResolver-bootstrap-executor-0] INFO  c.n.d.s.r.aws.ConfigClusterResolver-43 -Resolving eureka endpoints via configuration
2020-06-22 17:11:22 [AsyncResolver-bootstrap-executor-0] INFO  c.n.d.s.r.aws.ConfigClusterResolver-43 -Resolving eureka endpoints via configuration
2020-06-22 17:16:22 [AsyncResolver-bootstrap-executor-0] INFO  c.n.d.s.r.aws.ConfigClusterResolver-43 -Resolving eureka endpoints via configuration
2020-06-22 17:21:22 [AsyncResolver-bootstrap-executor-0] INFO  c.n.d.s.r.aws.ConfigClusterResolver-43 -Resolving eureka endpoints via configuration
2020-06-22 17:26:22 [AsyncResolver-bootstrap-executor-0] INFO  c.n.d.s.r.aws.ConfigClusterResolver-43 -Resolving eureka endpoints via configuration
2020-06-22 17:29:19 [Thread-36] INFO  o.s.c.n.e.s.EurekaServiceRegistry-65 -Unregistering application CUSTOMER with eureka with status DOWN
2020-06-22 17:29:19 [Thread-36] WARN  c.netflix.discovery.DiscoveryClient-1328 -Saw local status change event StatusChangeEvent [timestamp=1592818159367, current=DOWN, previous=UP]
2020-06-22 17:29:19 [DiscoveryClient-InstanceInfoReplicator-0] INFO  c.netflix.discovery.DiscoveryClient-847 -DiscoveryClient_CUSTOMER/YOS-01604151651:customer:8091: registering service...
2020-06-22 17:29:19 [Thread-36] INFO  o.s.s.c.ThreadPoolTaskExecutor-218 -Shutting down ExecutorService 'applicationTaskExecutor'
2020-06-22 17:29:19 [Thread-36] INFO  c.alibaba.druid.pool.DruidDataSource-2029 -{dataSource-5} closing ...
2020-06-22 17:29:19 [Thread-36] INFO  c.alibaba.druid.pool.DruidDataSource-2101 -{dataSource-5} closed
2020-06-22 17:29:19 [Thread-36] INFO  c.netflix.discovery.DiscoveryClient-909 -Shutting down DiscoveryClient ...
2020-06-22 17:29:19 [DiscoveryClient-InstanceInfoReplicator-0] INFO  c.netflix.discovery.DiscoveryClient-856 -DiscoveryClient_CUSTOMER/YOS-01604151651:customer:8091 - registration status: 204
2020-06-22 17:29:19 [Thread-36] INFO  c.netflix.discovery.DiscoveryClient-945 -Unregistering ...
2020-06-22 17:29:19 [Thread-36] INFO  c.netflix.discovery.DiscoveryClient-947 -DiscoveryClient_CUSTOMER/YOS-01604151651:customer:8091 - deregister  status: 200
2020-06-22 17:29:19 [Thread-36] INFO  c.netflix.discovery.DiscoveryClient-934 -Completed shut down of DiscoveryClient
2020-06-22 17:29:19 [restartedMain] INFO  o.zero.customer.CustomerApplication-651 -No active profile set, falling back to default profiles: default
2020-06-22 17:29:20 [restartedMain] INFO  o.s.cloud.context.scope.GenericScope-295 -BeanFactory id=0b6a8bdb-3bea-3ee9-973c-97bcc10b3305
2020-06-22 17:29:20 [restartedMain] INFO  o.s.b.w.e.tomcat.TomcatWebServer-92 -Tomcat initialized with port(s): 8091 (http)
2020-06-22 17:29:20 [restartedMain] INFO  o.a.catalina.core.StandardService-173 -Starting service [Tomcat]
2020-06-22 17:29:20 [restartedMain] INFO  o.a.catalina.core.StandardEngine-173 -Starting Servlet engine: [Apache Tomcat/9.0.33]
2020-06-22 17:29:20 [restartedMain] INFO  o.a.c.c.C.[Tomcat].[localhost].[/]-173 -Initializing Spring embedded WebApplicationContext
2020-06-22 17:29:20 [restartedMain] INFO  o.s.web.context.ContextLoader-284 -Root WebApplicationContext: initialization completed in 562 ms
2020-06-22 17:29:20 [restartedMain] INFO  c.a.d.s.b.a.DruidDataSourceAutoConfigure-56 -Init DruidDataSource
2020-06-22 17:29:20 [restartedMain] INFO  c.alibaba.druid.pool.DruidDataSource-994 -{dataSource-6} inited
2020-06-22 17:29:20 [restartedMain] WARN  c.n.c.sources.URLConfigurationSource-121 -No URLs will be polled as dynamic configuration sources.
2020-06-22 17:29:20 [restartedMain] INFO  c.n.c.sources.URLConfigurationSource-122 -To enable URLs as dynamic configuration sources, define System property archaius.configurationSource.additionalUrls or make config.properties available on classpath.
2020-06-22 17:29:20 [restartedMain] INFO  o.s.s.c.ThreadPoolTaskExecutor-181 -Initializing ExecutorService 'applicationTaskExecutor'
2020-06-22 17:29:20 [restartedMain] INFO  o.s.b.d.a.OptionalLiveReloadServer-58 -LiveReload server is running on port 35729
2020-06-22 17:29:20 [restartedMain] WARN  o.s.c.l.c.LoadBalancerCacheAutoConfiguration$LoadBalancerCaffeineWarnLogger-84 -Spring Cloud LoadBalancer is currently working with the default cache. You can switch to using Caffeine cache, by adding it to the classpath.
2020-06-22 17:29:20 [restartedMain] INFO  o.s.c.n.eureka.InstanceInfoFactory-72 -Setting initial instance status as: STARTING
2020-06-22 17:29:20 [restartedMain] INFO  c.netflix.discovery.DiscoveryClient-368 -Initializing Eureka in region us-east-1
2020-06-22 17:29:20 [restartedMain] INFO  c.n.d.p.DiscoveryJerseyProvider-70 -Using JSON encoding codec LegacyJacksonJson
2020-06-22 17:29:20 [restartedMain] INFO  c.n.d.p.DiscoveryJerseyProvider-71 -Using JSON decoding codec LegacyJacksonJson
2020-06-22 17:29:20 [restartedMain] INFO  c.n.d.p.DiscoveryJerseyProvider-80 -Using XML encoding codec XStreamXml
2020-06-22 17:29:20 [restartedMain] INFO  c.n.d.p.DiscoveryJerseyProvider-81 -Using XML decoding codec XStreamXml
2020-06-22 17:29:20 [restartedMain] INFO  c.n.d.s.r.aws.ConfigClusterResolver-43 -Resolving eureka endpoints via configuration
2020-06-22 17:29:20 [restartedMain] INFO  c.netflix.discovery.DiscoveryClient-981 -Disable delta property : false
2020-06-22 17:29:20 [restartedMain] INFO  c.netflix.discovery.DiscoveryClient-982 -Single vip registry refresh property : null
2020-06-22 17:29:20 [restartedMain] INFO  c.netflix.discovery.DiscoveryClient-983 -Force full registry fetch : false
2020-06-22 17:29:20 [restartedMain] INFO  c.netflix.discovery.DiscoveryClient-984 -Application is null : false
2020-06-22 17:29:20 [restartedMain] INFO  c.netflix.discovery.DiscoveryClient-985 -Registered Applications size is zero : true
2020-06-22 17:29:20 [restartedMain] INFO  c.netflix.discovery.DiscoveryClient-987 -Application version is -1: true
2020-06-22 17:29:20 [restartedMain] INFO  c.netflix.discovery.DiscoveryClient-1070 -Getting all instance registry info from the eureka server
2020-06-22 17:29:20 [restartedMain] INFO  c.netflix.discovery.DiscoveryClient-1079 -The response status is 200
2020-06-22 17:29:20 [restartedMain] INFO  c.netflix.discovery.DiscoveryClient-1294 -Starting heartbeat executor: renew interval is: 30
2020-06-22 17:29:20 [restartedMain] INFO  c.n.discovery.InstanceInfoReplicator-60 -InstanceInfoReplicator onDemand update allowed rate per min is 4
2020-06-22 17:29:20 [restartedMain] INFO  c.netflix.discovery.DiscoveryClient-468 -Discovery Client initialized at timestamp 1592818160915 with initial instances count: 2
2020-06-22 17:29:20 [restartedMain] INFO  o.s.c.n.e.s.EurekaServiceRegistry-41 -Registering application CUSTOMER with eureka with status UP
2020-06-22 17:29:20 [restartedMain] INFO  c.netflix.discovery.DiscoveryClient-1330 -Saw local status change event StatusChangeEvent [timestamp=1592818160915, current=UP, previous=STARTING]
2020-06-22 17:29:20 [DiscoveryClient-InstanceInfoReplicator-0] INFO  c.netflix.discovery.DiscoveryClient-847 -DiscoveryClient_CUSTOMER/YOS-01604151651:customer:8091: registering service...
2020-06-22 17:29:20 [DiscoveryClient-InstanceInfoReplicator-0] INFO  c.netflix.discovery.DiscoveryClient-856 -DiscoveryClient_CUSTOMER/YOS-01604151651:customer:8091 - registration status: 204
2020-06-22 17:29:20 [restartedMain] INFO  o.s.b.w.e.tomcat.TomcatWebServer-204 -Tomcat started on port(s): 8091 (http) with context path ''
2020-06-22 17:29:20 [restartedMain] INFO  o.s.c.n.e.s.EurekaAutoServiceRegistration-145 -Updating port to 8091
2020-06-22 17:29:20 [restartedMain] INFO  o.zero.customer.CustomerApplication-61 -Started CustomerApplication in 1.359 seconds (JVM running for 6704.127)
2020-06-22 17:29:20 [restartedMain] INFO  o.s.b.d.a.ConditionEvaluationDeltaLoggingListener-63 -Condition evaluation unchanged
2020-06-22 17:34:20 [AsyncResolver-bootstrap-executor-0] INFO  c.n.d.s.r.aws.ConfigClusterResolver-43 -Resolving eureka endpoints via configuration
2020-06-22 17:39:20 [AsyncResolver-bootstrap-executor-0] INFO  c.n.d.s.r.aws.ConfigClusterResolver-43 -Resolving eureka endpoints via configuration
2020-06-22 17:44:20 [AsyncResolver-bootstrap-executor-0] INFO  c.n.d.s.r.aws.ConfigClusterResolver-43 -Resolving eureka endpoints via configuration
2020-06-22 17:49:17 [RMI TCP Connection(2)-127.0.0.1] INFO  o.s.b.a.SpringApplicationAdminMXBeanRegistrar$SpringApplicationAdmin-159 -Application shutdown requested.
2020-06-22 17:49:17 [RMI TCP Connection(2)-127.0.0.1] INFO  o.s.c.n.e.s.EurekaServiceRegistry-65 -Unregistering application CUSTOMER with eureka with status DOWN
2020-06-22 17:49:17 [RMI TCP Connection(2)-127.0.0.1] WARN  c.netflix.discovery.DiscoveryClient-1328 -Saw local status change event StatusChangeEvent [timestamp=1592819357939, current=DOWN, previous=UP]
2020-06-22 17:49:17 [DiscoveryClient-InstanceInfoReplicator-0] INFO  c.netflix.discovery.DiscoveryClient-847 -DiscoveryClient_CUSTOMER/YOS-01604151651:customer:8091: registering service...
2020-06-22 17:49:17 [RMI TCP Connection(2)-127.0.0.1] INFO  o.s.s.c.ThreadPoolTaskExecutor-218 -Shutting down ExecutorService 'applicationTaskExecutor'
2020-06-22 17:49:17 [RMI TCP Connection(2)-127.0.0.1] INFO  c.alibaba.druid.pool.DruidDataSource-2029 -{dataSource-6} closing ...
2020-06-22 17:49:17 [RMI TCP Connection(2)-127.0.0.1] INFO  c.alibaba.druid.pool.DruidDataSource-2101 -{dataSource-6} closed
2020-06-22 17:49:17 [RMI TCP Connection(2)-127.0.0.1] INFO  c.netflix.discovery.DiscoveryClient-909 -Shutting down DiscoveryClient ...
2020-06-22 17:49:17 [DiscoveryClient-InstanceInfoReplicator-0] INFO  c.netflix.discovery.DiscoveryClient-856 -DiscoveryClient_CUSTOMER/YOS-01604151651:customer:8091 - registration status: 204
2020-06-22 17:49:17 [RMI TCP Connection(2)-127.0.0.1] INFO  c.netflix.discovery.DiscoveryClient-945 -Unregistering ...
2020-06-22 17:49:17 [RMI TCP Connection(2)-127.0.0.1] INFO  c.netflix.discovery.DiscoveryClient-947 -DiscoveryClient_CUSTOMER/YOS-01604151651:customer:8091 - deregister  status: 200
2020-06-22 17:49:17 [RMI TCP Connection(2)-127.0.0.1] INFO  c.netflix.discovery.DiscoveryClient-934 -Completed shut down of DiscoveryClient
2020-06-22 17:49:18 [RMI TCP Connection(2)-127.0.0.1] INFO  o.a.catalina.core.StandardService-173 -Stopping service [Tomcat]
